<?xml version="1.0" encoding="UTF-8"?>
<testsuite xmlns:xsi="http://www.w3.org/2001/XMLSchema-instance" xsi:noNamespaceSchemaLocation="https://maven.apache.org/surefire/maven-surefire-plugin/xsd/surefire-test-report.xsd" name="org.suite.SuiteApplicationTests" time="7.341" tests="1" errors="0" skipped="0" failures="0">
  <properties>
    <property name="sun.desktop" value="windows"/>
    <property name="awt.toolkit" value="sun.awt.windows.WToolkit"/>
    <property name="java.specification.version" value="11"/>
    <property name="sun.cpu.isalist" value="amd64"/>
    <property name="sun.jnu.encoding" value="Cp1252"/>
    <property name="java.class.path" value="C:\dev\workspace\sts02\suite\target\test-classes;C:\dev\workspace\sts02\suite\target\classes;C:\Users\haglo\.m2\repository\org\springframework\boot\spring-boot-starter-data-jpa\2.1.1.RELEASE\spring-boot-starter-data-jpa-2.1.1.RELEASE.jar;C:\Users\haglo\.m2\repository\org\springframework\boot\spring-boot-starter-aop\2.1.1.RELEASE\spring-boot-starter-aop-2.1.1.RELEASE.jar;C:\Users\haglo\.m2\repository\org\springframework\spring-aop\5.1.3.RELEASE\spring-aop-5.1.3.RELEASE.jar;C:\Users\haglo\.m2\repository\org\aspectj\aspectjweaver\1.9.2\aspectjweaver-1.9.2.jar;C:\Users\haglo\.m2\repository\org\springframework\boot\spring-boot-starter-jdbc\2.1.1.RELEASE\spring-boot-starter-jdbc-2.1.1.RELEASE.jar;C:\Users\haglo\.m2\repository\com\zaxxer\HikariCP\3.2.0\HikariCP-3.2.0.jar;C:\Users\haglo\.m2\repository\org\springframework\spring-jdbc\5.1.3.RELEASE\spring-jdbc-5.1.3.RELEASE.jar;C:\Users\haglo\.m2\repository\javax\transaction\javax.transaction-api\1.3\javax.transaction-api-1.3.jar;C:\Users\haglo\.m2\repository\javax\xml\bind\jaxb-api\2.3.1\jaxb-api-2.3.1.jar;C:\Users\haglo\.m2\repository\javax\activation\javax.activation-api\1.2.0\javax.activation-api-1.2.0.jar;C:\Users\haglo\.m2\repository\org\hibernate\hibernate-core\5.3.7.Final\hibernate-core-5.3.7.Final.jar;C:\Users\haglo\.m2\repository\javax\persistence\javax.persistence-api\2.2\javax.persistence-api-2.2.jar;C:\Users\haglo\.m2\repository\org\javassist\javassist\3.23.1-GA\javassist-3.23.1-GA.jar;C:\Users\haglo\.m2\repository\net\bytebuddy\byte-buddy\1.9.5\byte-buddy-1.9.5.jar;C:\Users\haglo\.m2\repository\antlr\antlr\2.7.7\antlr-2.7.7.jar;C:\Users\haglo\.m2\repository\org\jboss\jandex\2.0.5.Final\jandex-2.0.5.Final.jar;C:\Users\haglo\.m2\repository\com\fasterxml\classmate\1.4.0\classmate-1.4.0.jar;C:\Users\haglo\.m2\repository\org\dom4j\dom4j\2.1.1\dom4j-2.1.1.jar;C:\Users\haglo\.m2\repository\org\hibernate\common\hibernate-commons-annotations\5.0.4.Final\hibernate-commons-annotations-5.0.4.Final.jar;C:\Users\haglo\.m2\repository\org\springframework\data\spring-data-jpa\2.1.3.RELEASE\spring-data-jpa-2.1.3.RELEASE.jar;C:\Users\haglo\.m2\repository\org\springframework\data\spring-data-commons\2.1.3.RELEASE\spring-data-commons-2.1.3.RELEASE.jar;C:\Users\haglo\.m2\repository\org\springframework\spring-orm\5.1.3.RELEASE\spring-orm-5.1.3.RELEASE.jar;C:\Users\haglo\.m2\repository\org\springframework\spring-context\5.1.3.RELEASE\spring-context-5.1.3.RELEASE.jar;C:\Users\haglo\.m2\repository\org\springframework\spring-tx\5.1.3.RELEASE\spring-tx-5.1.3.RELEASE.jar;C:\Users\haglo\.m2\repository\org\springframework\spring-beans\5.1.3.RELEASE\spring-beans-5.1.3.RELEASE.jar;C:\Users\haglo\.m2\repository\org\slf4j\slf4j-api\1.7.25\slf4j-api-1.7.25.jar;C:\Users\haglo\.m2\repository\org\springframework\spring-aspects\5.1.3.RELEASE\spring-aspects-5.1.3.RELEASE.jar;C:\Users\haglo\.m2\repository\org\springframework\boot\spring-boot-starter-web\2.1.1.RELEASE\spring-boot-starter-web-2.1.1.RELEASE.jar;C:\Users\haglo\.m2\repository\org\springframework\boot\spring-boot-starter\2.1.1.RELEASE\spring-boot-starter-2.1.1.RELEASE.jar;C:\Users\haglo\.m2\repository\org\springframework\boot\spring-boot\2.1.1.RELEASE\spring-boot-2.1.1.RELEASE.jar;C:\Users\haglo\.m2\repository\org\springframework\boot\spring-boot-autoconfigure\2.1.1.RELEASE\spring-boot-autoconfigure-2.1.1.RELEASE.jar;C:\Users\haglo\.m2\repository\org\springframework\boot\spring-boot-starter-logging\2.1.1.RELEASE\spring-boot-starter-logging-2.1.1.RELEASE.jar;C:\Users\haglo\.m2\repository\ch\qos\logback\logback-classic\1.2.3\logback-classic-1.2.3.jar;C:\Users\haglo\.m2\repository\ch\qos\logback\logback-core\1.2.3\logback-core-1.2.3.jar;C:\Users\haglo\.m2\repository\org\apache\logging\log4j\log4j-to-slf4j\2.11.1\log4j-to-slf4j-2.11.1.jar;C:\Users\haglo\.m2\repository\org\apache\logging\log4j\log4j-api\2.11.1\log4j-api-2.11.1.jar;C:\Users\haglo\.m2\repository\org\slf4j\jul-to-slf4j\1.7.25\jul-to-slf4j-1.7.25.jar;C:\Users\haglo\.m2\repository\javax\annotation\javax.annotation-api\1.3.2\javax.annotation-api-1.3.2.jar;C:\Users\haglo\.m2\repository\org\yaml\snakeyaml\1.23\snakeyaml-1.23.jar;C:\Users\haglo\.m2\repository\org\springframework\boot\spring-boot-starter-json\2.1.1.RELEASE\spring-boot-starter-json-2.1.1.RELEASE.jar;C:\Users\haglo\.m2\repository\com\fasterxml\jackson\core\jackson-databind\2.9.7\jackson-databind-2.9.7.jar;C:\Users\haglo\.m2\repository\com\fasterxml\jackson\core\jackson-annotations\2.9.0\jackson-annotations-2.9.0.jar;C:\Users\haglo\.m2\repository\com\fasterxml\jackson\core\jackson-core\2.9.7\jackson-core-2.9.7.jar;C:\Users\haglo\.m2\repository\com\fasterxml\jackson\datatype\jackson-datatype-jdk8\2.9.7\jackson-datatype-jdk8-2.9.7.jar;C:\Users\haglo\.m2\repository\com\fasterxml\jackson\datatype\jackson-datatype-jsr310\2.9.7\jackson-datatype-jsr310-2.9.7.jar;C:\Users\haglo\.m2\repository\com\fasterxml\jackson\module\jackson-module-parameter-names\2.9.7\jackson-module-parameter-names-2.9.7.jar;C:\Users\haglo\.m2\repository\org\springframework\boot\spring-boot-starter-tomcat\2.1.1.RELEASE\spring-boot-starter-tomcat-2.1.1.RELEASE.jar;C:\Users\haglo\.m2\repository\org\apache\tomcat\embed\tomcat-embed-core\9.0.13\tomcat-embed-core-9.0.13.jar;C:\Users\haglo\.m2\repository\org\apache\tomcat\embed\tomcat-embed-el\9.0.13\tomcat-embed-el-9.0.13.jar;C:\Users\haglo\.m2\repository\org\apache\tomcat\embed\tomcat-embed-websocket\9.0.13\tomcat-embed-websocket-9.0.13.jar;C:\Users\haglo\.m2\repository\org\hibernate\validator\hibernate-validator\6.0.13.Final\hibernate-validator-6.0.13.Final.jar;C:\Users\haglo\.m2\repository\javax\validation\validation-api\2.0.1.Final\validation-api-2.0.1.Final.jar;C:\Users\haglo\.m2\repository\org\springframework\spring-web\5.1.3.RELEASE\spring-web-5.1.3.RELEASE.jar;C:\Users\haglo\.m2\repository\org\springframework\spring-webmvc\5.1.3.RELEASE\spring-webmvc-5.1.3.RELEASE.jar;C:\Users\haglo\.m2\repository\org\springframework\spring-expression\5.1.3.RELEASE\spring-expression-5.1.3.RELEASE.jar;C:\Users\haglo\.m2\repository\com\vaadin\vaadin-spring-boot-starter\12.0.3\vaadin-spring-boot-starter-12.0.3.jar;C:\Users\haglo\.m2\repository\com\vaadin\vaadin-spring\10.1.1\vaadin-spring-10.1.1.jar;C:\Users\haglo\.m2\repository\com\vaadin\flow-server\1.2.3\flow-server-1.2.3.jar;C:\Users\haglo\.m2\repository\com\vaadin\external\gwt\gwt-elemental\2.8.2.vaadin2\gwt-elemental-2.8.2.vaadin2.jar;C:\Users\haglo\.m2\repository\commons-fileupload\commons-fileupload\1.3.3\commons-fileupload-1.3.3.jar;C:\Users\haglo\.m2\repository\commons-io\commons-io\2.5\commons-io-2.5.jar;C:\Users\haglo\.m2\repository\org\jsoup\jsoup\1.10.3\jsoup-1.10.3.jar;C:\Users\haglo\.m2\repository\com\helger\ph-css\6.1.1\ph-css-6.1.1.jar;C:\Users\haglo\.m2\repository\com\helger\ph-commons\9.1.2\ph-commons-9.1.2.jar;C:\Users\haglo\.m2\repository\com\vaadin\external\gentyref\1.2.0.vaadin1\gentyref-1.2.0.vaadin1.jar;C:\Users\haglo\.m2\repository\com\vaadin\flow-push\1.2.3\flow-push-1.2.3.jar;C:\Users\haglo\.m2\repository\com\vaadin\external\atmosphere\atmosphere-runtime\2.4.30.vaadin1\atmosphere-runtime-2.4.30.vaadin1.jar;C:\Users\haglo\.m2\repository\com\vaadin\external\slf4j\vaadin-slf4j-jdk14\1.6.1\vaadin-slf4j-jdk14-1.6.1.jar;C:\Users\haglo\.m2\repository\com\vaadin\flow-client\1.2.3\flow-client-1.2.3.jar;C:\Users\haglo\.m2\repository\org\springframework\spring-websocket\5.1.3.RELEASE\spring-websocket-5.1.3.RELEASE.jar;C:\Users\haglo\.m2\repository\com\vaadin\vaadin-core\12.0.3\vaadin-core-12.0.3.jar;C:\Users\haglo\.m2\repository\com\vaadin\flow-html-components\1.2.3\flow-html-components-1.2.3.jar;C:\Users\haglo\.m2\repository\com\vaadin\flow-data\1.2.3\flow-data-1.2.3.jar;C:\Users\haglo\.m2\repository\com\vaadin\vaadin-lumo-theme\1.2.3\vaadin-lumo-theme-1.2.3.jar;C:\Users\haglo\.m2\repository\org\webjars\bowergithub\vaadin\vaadin-lumo-styles\1.3.3\vaadin-lumo-styles-1.3.3.jar;C:\Users\haglo\.m2\repository\org\webjars\bowergithub\polymerelements\iron-icon\2.1.0\iron-icon-2.1.0.jar;C:\Users\haglo\.m2\repository\org\webjars\bowergithub\polymerelements\iron-meta\2.1.1\iron-meta-2.1.1.jar;C:\Users\haglo\.m2\repository\org\webjars\bowergithub\polymerelements\iron-iconset-svg\2.2.1\iron-iconset-svg-2.2.1.jar;C:\Users\haglo\.m2\repository\org\webjars\bowergithub\polymerelements\iron-flex-layout\2.0.3\iron-flex-layout-2.0.3.jar;C:\Users\haglo\.m2\repository\org\webjars\bowergithub\polymer\polymer\2.6.1\polymer-2.6.1.jar;C:\Users\haglo\.m2\repository\org\webjars\bowergithub\webcomponents\webcomponentsjs\1.2.6\webcomponentsjs-1.2.6.jar;C:\Users\haglo\.m2\repository\org\webjars\bowergithub\webcomponents\shadycss\1.5.0-1\shadycss-1.5.0-1.jar;C:\Users\haglo\.m2\repository\com\vaadin\vaadin-material-theme\1.2.3\vaadin-material-theme-1.2.3.jar;C:\Users\haglo\.m2\repository\org\webjars\bowergithub\vaadin\vaadin-material-styles\1.2.0\vaadin-material-styles-1.2.0.jar;C:\Users\haglo\.m2\repository\com\vaadin\vaadin-button-flow\1.2.0\vaadin-button-flow-1.2.0.jar;C:\Users\haglo\.m2\repository\org\webjars\bowergithub\vaadin\vaadin-button\2.1.1\vaadin-button-2.1.1.jar;C:\Users\haglo\.m2\repository\org\webjars\bowergithub\vaadin\vaadin-element-mixin\2.1.2\vaadin-element-mixin-2.1.2.jar;C:\Users\haglo\.m2\repository\org\webjars\bowergithub\vaadin\vaadin-usage-statistics\2.0.1\vaadin-usage-statistics-2.0.1.jar;C:\Users\haglo\.m2\repository\org\webjars\bowergithub\vaadin\vaadin-development-mode-detector\2.0.0\vaadin-development-mode-detector-2.0.0.jar;C:\Users\haglo\.m2\repository\org\webjars\bowergithub\vaadin\vaadin-control-state-mixin\2.1.2\vaadin-control-state-mixin-2.1.2.jar;C:\Users\haglo\.m2\repository\org\webjars\bowergithub\vaadin\vaadin-themable-mixin\1.3.2\vaadin-themable-mixin-1.3.2.jar;C:\Users\haglo\.m2\repository\com\vaadin\vaadin-checkbox-flow\1.2.0\vaadin-checkbox-flow-1.2.0.jar;C:\Users\haglo\.m2\repository\org\webjars\bowergithub\vaadin\vaadin-checkbox\2.2.4\vaadin-checkbox-2.2.4.jar;C:\Users\haglo\.m2\repository\com\vaadin\vaadin-combo-box-flow\2.0.1\vaadin-combo-box-flow-2.0.1.jar;C:\Users\haglo\.m2\repository\org\webjars\bowergithub\vaadin\vaadin-combo-box\4.2.1\vaadin-combo-box-4.2.1.jar;C:\Users\haglo\.m2\repository\org\webjars\bowergithub\vaadin\vaadin-text-field\2.1.5\vaadin-text-field-2.1.5.jar;C:\Users\haglo\.m2\repository\org\webjars\bowergithub\polymerelements\iron-resizable-behavior\2.1.1\iron-resizable-behavior-2.1.1.jar;C:\Users\haglo\.m2\repository\org\webjars\bowergithub\polymerelements\iron-a11y-announcer\2.1.0\iron-a11y-announcer-2.1.0.jar;C:\Users\haglo\.m2\repository\org\webjars\bowergithub\polymerelements\iron-list\2.0.19\iron-list-2.0.19.jar;C:\Users\haglo\.m2\repository\org\webjars\bowergithub\polymerelements\iron-scroll-target-behavior\2.1.1\iron-scroll-target-behavior-2.1.1.jar;C:\Users\haglo\.m2\repository\org\webjars\bowergithub\polymerelements\iron-a11y-keys-behavior\2.1.1\iron-a11y-keys-behavior-2.1.1.jar;C:\Users\haglo\.m2\repository\org\webjars\bowergithub\vaadin\vaadin-item\2.1.0\vaadin-item-2.1.0.jar;C:\Users\haglo\.m2\repository\org\webjars\bowergithub\vaadin\vaadin-overlay\3.2.4\vaadin-overlay-3.2.4.jar;C:\Users\haglo\.m2\repository\org\webjars\bowergithub\polymerelements\iron-overlay-behavior\2.3.4\iron-overlay-behavior-2.3.4.jar;C:\Users\haglo\.m2\repository\org\webjars\bowergithub\polymerelements\iron-fit-behavior\2.2.1\iron-fit-behavior-2.2.1.jar;C:\Users\haglo\.m2\repository\com\vaadin\vaadin-date-picker-flow\1.2.1\vaadin-date-picker-flow-1.2.1.jar;C:\Users\haglo\.m2\repository\org\webjars\bowergithub\vaadin\vaadin-date-picker\3.3.2\vaadin-date-picker-3.3.2.jar;C:\Users\haglo\.m2\repository\org\webjars\bowergithub\polymerelements\iron-media-query\2.1.0\iron-media-query-2.1.0.jar;C:\Users\haglo\.m2\repository\com\vaadin\vaadin-dialog-flow\1.2.0\vaadin-dialog-flow-1.2.0.jar;C:\Users\haglo\.m2\repository\org\webjars\bowergithub\vaadin\vaadin-dialog\2.2.1\vaadin-dialog-2.2.1.jar;C:\Users\haglo\.m2\repository\com\vaadin\vaadin-form-layout-flow\1.2.0\vaadin-form-layout-flow-1.2.0.jar;C:\Users\haglo\.m2\repository\org\webjars\bowergithub\vaadin\vaadin-form-layout\2.1.1\vaadin-form-layout-2.1.1.jar;C:\Users\haglo\.m2\repository\com\vaadin\vaadin-grid-flow\2.1.3\vaadin-grid-flow-2.1.3.jar;C:\Users\haglo\.m2\repository\org\webjars\bowergithub\vaadin\vaadin-grid\5.2.5\vaadin-grid-5.2.5.jar;C:\Users\haglo\.m2\repository\org\apache\commons\commons-lang3\3.8.1\commons-lang3-3.8.1.jar;C:\Users\haglo\.m2\repository\com\vaadin\vaadin-icons-flow\1.2.0\vaadin-icons-flow-1.2.0.jar;C:\Users\haglo\.m2\repository\org\webjars\bowergithub\vaadin\vaadin-icons\4.2.1\vaadin-icons-4.2.1.jar;C:\Users\haglo\.m2\repository\com\vaadin\vaadin-iron-list-flow\1.2.1\vaadin-iron-list-flow-1.2.1.jar;C:\Users\haglo\.m2\repository\com\vaadin\vaadin-list-box-flow\1.2.0\vaadin-list-box-flow-1.2.0.jar;C:\Users\haglo\.m2\repository\org\webjars\bowergithub\vaadin\vaadin-list-box\1.1.0\vaadin-list-box-1.1.0.jar;C:\Users\haglo\.m2\repository\org\webjars\bowergithub\vaadin\vaadin-list-mixin\2.1.2\vaadin-list-mixin-2.1.2.jar;C:\Users\haglo\.m2\repository\com\vaadin\vaadin-ordered-layout-flow\1.2.0\vaadin-ordered-layout-flow-1.2.0.jar;C:\Users\haglo\.m2\repository\org\webjars\bowergithub\vaadin\vaadin-ordered-layout\1.1.0\vaadin-ordered-layout-1.1.0.jar;C:\Users\haglo\.m2\repository\com\vaadin\vaadin-progress-bar-flow\1.2.0\vaadin-progress-bar-flow-1.2.0.jar;C:\Users\haglo\.m2\repository\org\webjars\bowergithub\vaadin\vaadin-progress-bar\1.1.0\vaadin-progress-bar-1.1.0.jar;C:\Users\haglo\.m2\repository\com\vaadin\vaadin-radio-button-flow\1.2.0\vaadin-radio-button-flow-1.2.0.jar;C:\Users\haglo\.m2\repository\org\webjars\bowergithub\vaadin\vaadin-radio-button\1.1.3\vaadin-radio-button-1.1.3.jar;C:\Users\haglo\.m2\repository\com\vaadin\vaadin-split-layout-flow\1.2.0\vaadin-split-layout-flow-1.2.0.jar;C:\Users\haglo\.m2\repository\org\webjars\bowergithub\vaadin\vaadin-split-layout\4.1.0\vaadin-split-layout-4.1.0.jar;C:\Users\haglo\.m2\repository\com\vaadin\vaadin-tabs-flow\1.2.0\vaadin-tabs-flow-1.2.0.jar;C:\Users\haglo\.m2\repository\org\webjars\bowergithub\vaadin\vaadin-tabs\2.1.1\vaadin-tabs-2.1.1.jar;C:\Users\haglo\.m2\repository\com\vaadin\vaadin-text-field-flow\1.2.1\vaadin-text-field-flow-1.2.1.jar;C:\Users\haglo\.m2\repository\com\vaadin\vaadin-upload-flow\1.2.0\vaadin-upload-flow-1.2.0.jar;C:\Users\haglo\.m2\repository\org\webjars\bowergithub\vaadin\vaadin-upload\4.2.1\vaadin-upload-4.2.1.jar;C:\Users\haglo\.m2\repository\com\vaadin\vaadin-notification-flow\1.2.0\vaadin-notification-flow-1.2.0.jar;C:\Users\haglo\.m2\repository\org\webjars\bowergithub\vaadin\vaadin-notification\1.2.1\vaadin-notification-1.2.1.jar;C:\Users\haglo\.m2\repository\com\vaadin\vaadin-app-layout-flow\1.0.3\vaadin-app-layout-flow-1.0.3.jar;C:\Users\haglo\.m2\repository\org\webjars\bowergithub\vaadin\vaadin-app-layout\1.0.2\vaadin-app-layout-1.0.2.jar;C:\Users\haglo\.m2\repository\com\vaadin\vaadin-context-menu-flow\1.2.2\vaadin-context-menu-flow-1.2.2.jar;C:\Users\haglo\.m2\repository\org\webjars\bowergithub\vaadin\vaadin-context-menu\4.2.1\vaadin-context-menu-4.2.1.jar;C:\Users\haglo\.m2\repository\org\springframework\boot\spring-boot-starter-test\2.1.1.RELEASE\spring-boot-starter-test-2.1.1.RELEASE.jar;C:\Users\haglo\.m2\repository\org\springframework\boot\spring-boot-test\2.1.1.RELEASE\spring-boot-test-2.1.1.RELEASE.jar;C:\Users\haglo\.m2\repository\org\springframework\boot\spring-boot-test-autoconfigure\2.1.1.RELEASE\spring-boot-test-autoconfigure-2.1.1.RELEASE.jar;C:\Users\haglo\.m2\repository\com\jayway\jsonpath\json-path\2.4.0\json-path-2.4.0.jar;C:\Users\haglo\.m2\repository\net\minidev\json-smart\2.3\json-smart-2.3.jar;C:\Users\haglo\.m2\repository\net\minidev\accessors-smart\1.2\accessors-smart-1.2.jar;C:\Users\haglo\.m2\repository\org\ow2\asm\asm\5.0.4\asm-5.0.4.jar;C:\Users\haglo\.m2\repository\junit\junit\4.12\junit-4.12.jar;C:\Users\haglo\.m2\repository\org\assertj\assertj-core\3.11.1\assertj-core-3.11.1.jar;C:\Users\haglo\.m2\repository\org\mockito\mockito-core\2.23.4\mockito-core-2.23.4.jar;C:\Users\haglo\.m2\repository\net\bytebuddy\byte-buddy-agent\1.9.5\byte-buddy-agent-1.9.5.jar;C:\Users\haglo\.m2\repository\org\objenesis\objenesis\2.6\objenesis-2.6.jar;C:\Users\haglo\.m2\repository\org\hamcrest\hamcrest-core\1.3\hamcrest-core-1.3.jar;C:\Users\haglo\.m2\repository\org\hamcrest\hamcrest-library\1.3\hamcrest-library-1.3.jar;C:\Users\haglo\.m2\repository\org\skyscreamer\jsonassert\1.5.0\jsonassert-1.5.0.jar;C:\Users\haglo\.m2\repository\com\vaadin\external\google\android-json\0.0.20131108.vaadin1\android-json-0.0.20131108.vaadin1.jar;C:\Users\haglo\.m2\repository\org\springframework\spring-core\5.1.3.RELEASE\spring-core-5.1.3.RELEASE.jar;C:\Users\haglo\.m2\repository\org\springframework\spring-jcl\5.1.3.RELEASE\spring-jcl-5.1.3.RELEASE.jar;C:\Users\haglo\.m2\repository\org\springframework\spring-test\5.1.3.RELEASE\spring-test-5.1.3.RELEASE.jar;C:\Users\haglo\.m2\repository\org\xmlunit\xmlunit-core\2.6.2\xmlunit-core-2.6.2.jar;C:\Users\haglo\.m2\repository\org\hibernate\hibernate-envers\5.3.7.Final\hibernate-envers-5.3.7.Final.jar;C:\Users\haglo\.m2\repository\org\jboss\logging\jboss-logging\3.3.2.Final\jboss-logging-3.3.2.Final.jar;C:\Users\haglo\.m2\repository\com\google\guava\guava\27.0-jre\guava-27.0-jre.jar;C:\Users\haglo\.m2\repository\com\google\guava\failureaccess\1.0\failureaccess-1.0.jar;C:\Users\haglo\.m2\repository\com\google\guava\listenablefuture\9999.0-empty-to-avoid-conflict-with-guava\listenablefuture-9999.0-empty-to-avoid-conflict-with-guava.jar;C:\Users\haglo\.m2\repository\com\google\code\findbugs\jsr305\3.0.2\jsr305-3.0.2.jar;C:\Users\haglo\.m2\repository\org\checkerframework\checker-qual\2.5.2\checker-qual-2.5.2.jar;C:\Users\haglo\.m2\repository\com\google\errorprone\error_prone_annotations\2.2.0\error_prone_annotations-2.2.0.jar;C:\Users\haglo\.m2\repository\com\google\j2objc\j2objc-annotations\1.1\j2objc-annotations-1.1.jar;C:\Users\haglo\.m2\repository\org\codehaus\mojo\animal-sniffer-annotations\1.17\animal-sniffer-annotations-1.17.jar;C:\Users\haglo\.m2\repository\mysql\mysql-connector-java\8.0.13\mysql-connector-java-8.0.13.jar;"/>
    <property name="java.vm.vendor" value="Oracle Corporation"/>
    <property name="sun.arch.data.model" value="64"/>
    <property name="user.variant" value=""/>
    <property name="java.vendor.url" value="http://java.oracle.com/"/>
    <property name="user.timezone" value="Europe/Berlin"/>
    <property name="java.vm.specification.version" value="11"/>
    <property name="os.name" value="Windows 10"/>
    <property name="sun.java.launcher" value="SUN_STANDARD"/>
    <property name="user.country" value="DE"/>
    <property name="sun.boot.library.path" value="C:\Program Files\Java\jdk-11.0.1\bin"/>
    <property name="sun.java.command" value="C:\Users\haglo\AppData\Local\Temp\surefire9134529985799164529\surefirebooter15791310284808884779.jar C:\Users\haglo\AppData\Local\Temp\surefire9134529985799164529 2019-01-22T10-32-53_836-jvmRun1 surefire3488324067550510940tmp surefire_03713404452416411732tmp"/>
    <property name="jdk.debug" value="release"/>
    <property name="surefire.test.class.path" value="C:\dev\workspace\sts02\suite\target\test-classes;C:\dev\workspace\sts02\suite\target\classes;C:\Users\haglo\.m2\repository\org\springframework\boot\spring-boot-starter-data-jpa\2.1.1.RELEASE\spring-boot-starter-data-jpa-2.1.1.RELEASE.jar;C:\Users\haglo\.m2\repository\org\springframework\boot\spring-boot-starter-aop\2.1.1.RELEASE\spring-boot-starter-aop-2.1.1.RELEASE.jar;C:\Users\haglo\.m2\repository\org\springframework\spring-aop\5.1.3.RELEASE\spring-aop-5.1.3.RELEASE.jar;C:\Users\haglo\.m2\repository\org\aspectj\aspectjweaver\1.9.2\aspectjweaver-1.9.2.jar;C:\Users\haglo\.m2\repository\org\springframework\boot\spring-boot-starter-jdbc\2.1.1.RELEASE\spring-boot-starter-jdbc-2.1.1.RELEASE.jar;C:\Users\haglo\.m2\repository\com\zaxxer\HikariCP\3.2.0\HikariCP-3.2.0.jar;C:\Users\haglo\.m2\repository\org\springframework\spring-jdbc\5.1.3.RELEASE\spring-jdbc-5.1.3.RELEASE.jar;C:\Users\haglo\.m2\repository\javax\transaction\javax.transaction-api\1.3\javax.transaction-api-1.3.jar;C:\Users\haglo\.m2\repository\javax\xml\bind\jaxb-api\2.3.1\jaxb-api-2.3.1.jar;C:\Users\haglo\.m2\repository\javax\activation\javax.activation-api\1.2.0\javax.activation-api-1.2.0.jar;C:\Users\haglo\.m2\repository\org\hibernate\hibernate-core\5.3.7.Final\hibernate-core-5.3.7.Final.jar;C:\Users\haglo\.m2\repository\javax\persistence\javax.persistence-api\2.2\javax.persistence-api-2.2.jar;C:\Users\haglo\.m2\repository\org\javassist\javassist\3.23.1-GA\javassist-3.23.1-GA.jar;C:\Users\haglo\.m2\repository\net\bytebuddy\byte-buddy\1.9.5\byte-buddy-1.9.5.jar;C:\Users\haglo\.m2\repository\antlr\antlr\2.7.7\antlr-2.7.7.jar;C:\Users\haglo\.m2\repository\org\jboss\jandex\2.0.5.Final\jandex-2.0.5.Final.jar;C:\Users\haglo\.m2\repository\com\fasterxml\classmate\1.4.0\classmate-1.4.0.jar;C:\Users\haglo\.m2\repository\org\dom4j\dom4j\2.1.1\dom4j-2.1.1.jar;C:\Users\haglo\.m2\repository\org\hibernate\common\hibernate-commons-annotations\5.0.4.Final\hibernate-commons-annotations-5.0.4.Final.jar;C:\Users\haglo\.m2\repository\org\springframework\data\spring-data-jpa\2.1.3.RELEASE\spring-data-jpa-2.1.3.RELEASE.jar;C:\Users\haglo\.m2\repository\org\springframework\data\spring-data-commons\2.1.3.RELEASE\spring-data-commons-2.1.3.RELEASE.jar;C:\Users\haglo\.m2\repository\org\springframework\spring-orm\5.1.3.RELEASE\spring-orm-5.1.3.RELEASE.jar;C:\Users\haglo\.m2\repository\org\springframework\spring-context\5.1.3.RELEASE\spring-context-5.1.3.RELEASE.jar;C:\Users\haglo\.m2\repository\org\springframework\spring-tx\5.1.3.RELEASE\spring-tx-5.1.3.RELEASE.jar;C:\Users\haglo\.m2\repository\org\springframework\spring-beans\5.1.3.RELEASE\spring-beans-5.1.3.RELEASE.jar;C:\Users\haglo\.m2\repository\org\slf4j\slf4j-api\1.7.25\slf4j-api-1.7.25.jar;C:\Users\haglo\.m2\repository\org\springframework\spring-aspects\5.1.3.RELEASE\spring-aspects-5.1.3.RELEASE.jar;C:\Users\haglo\.m2\repository\org\springframework\boot\spring-boot-starter-web\2.1.1.RELEASE\spring-boot-starter-web-2.1.1.RELEASE.jar;C:\Users\haglo\.m2\repository\org\springframework\boot\spring-boot-starter\2.1.1.RELEASE\spring-boot-starter-2.1.1.RELEASE.jar;C:\Users\haglo\.m2\repository\org\springframework\boot\spring-boot\2.1.1.RELEASE\spring-boot-2.1.1.RELEASE.jar;C:\Users\haglo\.m2\repository\org\springframework\boot\spring-boot-autoconfigure\2.1.1.RELEASE\spring-boot-autoconfigure-2.1.1.RELEASE.jar;C:\Users\haglo\.m2\repository\org\springframework\boot\spring-boot-starter-logging\2.1.1.RELEASE\spring-boot-starter-logging-2.1.1.RELEASE.jar;C:\Users\haglo\.m2\repository\ch\qos\logback\logback-classic\1.2.3\logback-classic-1.2.3.jar;C:\Users\haglo\.m2\repository\ch\qos\logback\logback-core\1.2.3\logback-core-1.2.3.jar;C:\Users\haglo\.m2\repository\org\apache\logging\log4j\log4j-to-slf4j\2.11.1\log4j-to-slf4j-2.11.1.jar;C:\Users\haglo\.m2\repository\org\apache\logging\log4j\log4j-api\2.11.1\log4j-api-2.11.1.jar;C:\Users\haglo\.m2\repository\org\slf4j\jul-to-slf4j\1.7.25\jul-to-slf4j-1.7.25.jar;C:\Users\haglo\.m2\repository\javax\annotation\javax.annotation-api\1.3.2\javax.annotation-api-1.3.2.jar;C:\Users\haglo\.m2\repository\org\yaml\snakeyaml\1.23\snakeyaml-1.23.jar;C:\Users\haglo\.m2\repository\org\springframework\boot\spring-boot-starter-json\2.1.1.RELEASE\spring-boot-starter-json-2.1.1.RELEASE.jar;C:\Users\haglo\.m2\repository\com\fasterxml\jackson\core\jackson-databind\2.9.7\jackson-databind-2.9.7.jar;C:\Users\haglo\.m2\repository\com\fasterxml\jackson\core\jackson-annotations\2.9.0\jackson-annotations-2.9.0.jar;C:\Users\haglo\.m2\repository\com\fasterxml\jackson\core\jackson-core\2.9.7\jackson-core-2.9.7.jar;C:\Users\haglo\.m2\repository\com\fasterxml\jackson\datatype\jackson-datatype-jdk8\2.9.7\jackson-datatype-jdk8-2.9.7.jar;C:\Users\haglo\.m2\repository\com\fasterxml\jackson\datatype\jackson-datatype-jsr310\2.9.7\jackson-datatype-jsr310-2.9.7.jar;C:\Users\haglo\.m2\repository\com\fasterxml\jackson\module\jackson-module-parameter-names\2.9.7\jackson-module-parameter-names-2.9.7.jar;C:\Users\haglo\.m2\repository\org\springframework\boot\spring-boot-starter-tomcat\2.1.1.RELEASE\spring-boot-starter-tomcat-2.1.1.RELEASE.jar;C:\Users\haglo\.m2\repository\org\apache\tomcat\embed\tomcat-embed-core\9.0.13\tomcat-embed-core-9.0.13.jar;C:\Users\haglo\.m2\repository\org\apache\tomcat\embed\tomcat-embed-el\9.0.13\tomcat-embed-el-9.0.13.jar;C:\Users\haglo\.m2\repository\org\apache\tomcat\embed\tomcat-embed-websocket\9.0.13\tomcat-embed-websocket-9.0.13.jar;C:\Users\haglo\.m2\repository\org\hibernate\validator\hibernate-validator\6.0.13.Final\hibernate-validator-6.0.13.Final.jar;C:\Users\haglo\.m2\repository\javax\validation\validation-api\2.0.1.Final\validation-api-2.0.1.Final.jar;C:\Users\haglo\.m2\repository\org\springframework\spring-web\5.1.3.RELEASE\spring-web-5.1.3.RELEASE.jar;C:\Users\haglo\.m2\repository\org\springframework\spring-webmvc\5.1.3.RELEASE\spring-webmvc-5.1.3.RELEASE.jar;C:\Users\haglo\.m2\repository\org\springframework\spring-expression\5.1.3.RELEASE\spring-expression-5.1.3.RELEASE.jar;C:\Users\haglo\.m2\repository\com\vaadin\vaadin-spring-boot-starter\12.0.3\vaadin-spring-boot-starter-12.0.3.jar;C:\Users\haglo\.m2\repository\com\vaadin\vaadin-spring\10.1.1\vaadin-spring-10.1.1.jar;C:\Users\haglo\.m2\repository\com\vaadin\flow-server\1.2.3\flow-server-1.2.3.jar;C:\Users\haglo\.m2\repository\com\vaadin\external\gwt\gwt-elemental\2.8.2.vaadin2\gwt-elemental-2.8.2.vaadin2.jar;C:\Users\haglo\.m2\repository\commons-fileupload\commons-fileupload\1.3.3\commons-fileupload-1.3.3.jar;C:\Users\haglo\.m2\repository\commons-io\commons-io\2.5\commons-io-2.5.jar;C:\Users\haglo\.m2\repository\org\jsoup\jsoup\1.10.3\jsoup-1.10.3.jar;C:\Users\haglo\.m2\repository\com\helger\ph-css\6.1.1\ph-css-6.1.1.jar;C:\Users\haglo\.m2\repository\com\helger\ph-commons\9.1.2\ph-commons-9.1.2.jar;C:\Users\haglo\.m2\repository\com\vaadin\external\gentyref\1.2.0.vaadin1\gentyref-1.2.0.vaadin1.jar;C:\Users\haglo\.m2\repository\com\vaadin\flow-push\1.2.3\flow-push-1.2.3.jar;C:\Users\haglo\.m2\repository\com\vaadin\external\atmosphere\atmosphere-runtime\2.4.30.vaadin1\atmosphere-runtime-2.4.30.vaadin1.jar;C:\Users\haglo\.m2\repository\com\vaadin\external\slf4j\vaadin-slf4j-jdk14\1.6.1\vaadin-slf4j-jdk14-1.6.1.jar;C:\Users\haglo\.m2\repository\com\vaadin\flow-client\1.2.3\flow-client-1.2.3.jar;C:\Users\haglo\.m2\repository\org\springframework\spring-websocket\5.1.3.RELEASE\spring-websocket-5.1.3.RELEASE.jar;C:\Users\haglo\.m2\repository\com\vaadin\vaadin-core\12.0.3\vaadin-core-12.0.3.jar;C:\Users\haglo\.m2\repository\com\vaadin\flow-html-components\1.2.3\flow-html-components-1.2.3.jar;C:\Users\haglo\.m2\repository\com\vaadin\flow-data\1.2.3\flow-data-1.2.3.jar;C:\Users\haglo\.m2\repository\com\vaadin\vaadin-lumo-theme\1.2.3\vaadin-lumo-theme-1.2.3.jar;C:\Users\haglo\.m2\repository\org\webjars\bowergithub\vaadin\vaadin-lumo-styles\1.3.3\vaadin-lumo-styles-1.3.3.jar;C:\Users\haglo\.m2\repository\org\webjars\bowergithub\polymerelements\iron-icon\2.1.0\iron-icon-2.1.0.jar;C:\Users\haglo\.m2\repository\org\webjars\bowergithub\polymerelements\iron-meta\2.1.1\iron-meta-2.1.1.jar;C:\Users\haglo\.m2\repository\org\webjars\bowergithub\polymerelements\iron-iconset-svg\2.2.1\iron-iconset-svg-2.2.1.jar;C:\Users\haglo\.m2\repository\org\webjars\bowergithub\polymerelements\iron-flex-layout\2.0.3\iron-flex-layout-2.0.3.jar;C:\Users\haglo\.m2\repository\org\webjars\bowergithub\polymer\polymer\2.6.1\polymer-2.6.1.jar;C:\Users\haglo\.m2\repository\org\webjars\bowergithub\webcomponents\webcomponentsjs\1.2.6\webcomponentsjs-1.2.6.jar;C:\Users\haglo\.m2\repository\org\webjars\bowergithub\webcomponents\shadycss\1.5.0-1\shadycss-1.5.0-1.jar;C:\Users\haglo\.m2\repository\com\vaadin\vaadin-material-theme\1.2.3\vaadin-material-theme-1.2.3.jar;C:\Users\haglo\.m2\repository\org\webjars\bowergithub\vaadin\vaadin-material-styles\1.2.0\vaadin-material-styles-1.2.0.jar;C:\Users\haglo\.m2\repository\com\vaadin\vaadin-button-flow\1.2.0\vaadin-button-flow-1.2.0.jar;C:\Users\haglo\.m2\repository\org\webjars\bowergithub\vaadin\vaadin-button\2.1.1\vaadin-button-2.1.1.jar;C:\Users\haglo\.m2\repository\org\webjars\bowergithub\vaadin\vaadin-element-mixin\2.1.2\vaadin-element-mixin-2.1.2.jar;C:\Users\haglo\.m2\repository\org\webjars\bowergithub\vaadin\vaadin-usage-statistics\2.0.1\vaadin-usage-statistics-2.0.1.jar;C:\Users\haglo\.m2\repository\org\webjars\bowergithub\vaadin\vaadin-development-mode-detector\2.0.0\vaadin-development-mode-detector-2.0.0.jar;C:\Users\haglo\.m2\repository\org\webjars\bowergithub\vaadin\vaadin-control-state-mixin\2.1.2\vaadin-control-state-mixin-2.1.2.jar;C:\Users\haglo\.m2\repository\org\webjars\bowergithub\vaadin\vaadin-themable-mixin\1.3.2\vaadin-themable-mixin-1.3.2.jar;C:\Users\haglo\.m2\repository\com\vaadin\vaadin-checkbox-flow\1.2.0\vaadin-checkbox-flow-1.2.0.jar;C:\Users\haglo\.m2\repository\org\webjars\bowergithub\vaadin\vaadin-checkbox\2.2.4\vaadin-checkbox-2.2.4.jar;C:\Users\haglo\.m2\repository\com\vaadin\vaadin-combo-box-flow\2.0.1\vaadin-combo-box-flow-2.0.1.jar;C:\Users\haglo\.m2\repository\org\webjars\bowergithub\vaadin\vaadin-combo-box\4.2.1\vaadin-combo-box-4.2.1.jar;C:\Users\haglo\.m2\repository\org\webjars\bowergithub\vaadin\vaadin-text-field\2.1.5\vaadin-text-field-2.1.5.jar;C:\Users\haglo\.m2\repository\org\webjars\bowergithub\polymerelements\iron-resizable-behavior\2.1.1\iron-resizable-behavior-2.1.1.jar;C:\Users\haglo\.m2\repository\org\webjars\bowergithub\polymerelements\iron-a11y-announcer\2.1.0\iron-a11y-announcer-2.1.0.jar;C:\Users\haglo\.m2\repository\org\webjars\bowergithub\polymerelements\iron-list\2.0.19\iron-list-2.0.19.jar;C:\Users\haglo\.m2\repository\org\webjars\bowergithub\polymerelements\iron-scroll-target-behavior\2.1.1\iron-scroll-target-behavior-2.1.1.jar;C:\Users\haglo\.m2\repository\org\webjars\bowergithub\polymerelements\iron-a11y-keys-behavior\2.1.1\iron-a11y-keys-behavior-2.1.1.jar;C:\Users\haglo\.m2\repository\org\webjars\bowergithub\vaadin\vaadin-item\2.1.0\vaadin-item-2.1.0.jar;C:\Users\haglo\.m2\repository\org\webjars\bowergithub\vaadin\vaadin-overlay\3.2.4\vaadin-overlay-3.2.4.jar;C:\Users\haglo\.m2\repository\org\webjars\bowergithub\polymerelements\iron-overlay-behavior\2.3.4\iron-overlay-behavior-2.3.4.jar;C:\Users\haglo\.m2\repository\org\webjars\bowergithub\polymerelements\iron-fit-behavior\2.2.1\iron-fit-behavior-2.2.1.jar;C:\Users\haglo\.m2\repository\com\vaadin\vaadin-date-picker-flow\1.2.1\vaadin-date-picker-flow-1.2.1.jar;C:\Users\haglo\.m2\repository\org\webjars\bowergithub\vaadin\vaadin-date-picker\3.3.2\vaadin-date-picker-3.3.2.jar;C:\Users\haglo\.m2\repository\org\webjars\bowergithub\polymerelements\iron-media-query\2.1.0\iron-media-query-2.1.0.jar;C:\Users\haglo\.m2\repository\com\vaadin\vaadin-dialog-flow\1.2.0\vaadin-dialog-flow-1.2.0.jar;C:\Users\haglo\.m2\repository\org\webjars\bowergithub\vaadin\vaadin-dialog\2.2.1\vaadin-dialog-2.2.1.jar;C:\Users\haglo\.m2\repository\com\vaadin\vaadin-form-layout-flow\1.2.0\vaadin-form-layout-flow-1.2.0.jar;C:\Users\haglo\.m2\repository\org\webjars\bowergithub\vaadin\vaadin-form-layout\2.1.1\vaadin-form-layout-2.1.1.jar;C:\Users\haglo\.m2\repository\com\vaadin\vaadin-grid-flow\2.1.3\vaadin-grid-flow-2.1.3.jar;C:\Users\haglo\.m2\repository\org\webjars\bowergithub\vaadin\vaadin-grid\5.2.5\vaadin-grid-5.2.5.jar;C:\Users\haglo\.m2\repository\org\apache\commons\commons-lang3\3.8.1\commons-lang3-3.8.1.jar;C:\Users\haglo\.m2\repository\com\vaadin\vaadin-icons-flow\1.2.0\vaadin-icons-flow-1.2.0.jar;C:\Users\haglo\.m2\repository\org\webjars\bowergithub\vaadin\vaadin-icons\4.2.1\vaadin-icons-4.2.1.jar;C:\Users\haglo\.m2\repository\com\vaadin\vaadin-iron-list-flow\1.2.1\vaadin-iron-list-flow-1.2.1.jar;C:\Users\haglo\.m2\repository\com\vaadin\vaadin-list-box-flow\1.2.0\vaadin-list-box-flow-1.2.0.jar;C:\Users\haglo\.m2\repository\org\webjars\bowergithub\vaadin\vaadin-list-box\1.1.0\vaadin-list-box-1.1.0.jar;C:\Users\haglo\.m2\repository\org\webjars\bowergithub\vaadin\vaadin-list-mixin\2.1.2\vaadin-list-mixin-2.1.2.jar;C:\Users\haglo\.m2\repository\com\vaadin\vaadin-ordered-layout-flow\1.2.0\vaadin-ordered-layout-flow-1.2.0.jar;C:\Users\haglo\.m2\repository\org\webjars\bowergithub\vaadin\vaadin-ordered-layout\1.1.0\vaadin-ordered-layout-1.1.0.jar;C:\Users\haglo\.m2\repository\com\vaadin\vaadin-progress-bar-flow\1.2.0\vaadin-progress-bar-flow-1.2.0.jar;C:\Users\haglo\.m2\repository\org\webjars\bowergithub\vaadin\vaadin-progress-bar\1.1.0\vaadin-progress-bar-1.1.0.jar;C:\Users\haglo\.m2\repository\com\vaadin\vaadin-radio-button-flow\1.2.0\vaadin-radio-button-flow-1.2.0.jar;C:\Users\haglo\.m2\repository\org\webjars\bowergithub\vaadin\vaadin-radio-button\1.1.3\vaadin-radio-button-1.1.3.jar;C:\Users\haglo\.m2\repository\com\vaadin\vaadin-split-layout-flow\1.2.0\vaadin-split-layout-flow-1.2.0.jar;C:\Users\haglo\.m2\repository\org\webjars\bowergithub\vaadin\vaadin-split-layout\4.1.0\vaadin-split-layout-4.1.0.jar;C:\Users\haglo\.m2\repository\com\vaadin\vaadin-tabs-flow\1.2.0\vaadin-tabs-flow-1.2.0.jar;C:\Users\haglo\.m2\repository\org\webjars\bowergithub\vaadin\vaadin-tabs\2.1.1\vaadin-tabs-2.1.1.jar;C:\Users\haglo\.m2\repository\com\vaadin\vaadin-text-field-flow\1.2.1\vaadin-text-field-flow-1.2.1.jar;C:\Users\haglo\.m2\repository\com\vaadin\vaadin-upload-flow\1.2.0\vaadin-upload-flow-1.2.0.jar;C:\Users\haglo\.m2\repository\org\webjars\bowergithub\vaadin\vaadin-upload\4.2.1\vaadin-upload-4.2.1.jar;C:\Users\haglo\.m2\repository\com\vaadin\vaadin-notification-flow\1.2.0\vaadin-notification-flow-1.2.0.jar;C:\Users\haglo\.m2\repository\org\webjars\bowergithub\vaadin\vaadin-notification\1.2.1\vaadin-notification-1.2.1.jar;C:\Users\haglo\.m2\repository\com\vaadin\vaadin-app-layout-flow\1.0.3\vaadin-app-layout-flow-1.0.3.jar;C:\Users\haglo\.m2\repository\org\webjars\bowergithub\vaadin\vaadin-app-layout\1.0.2\vaadin-app-layout-1.0.2.jar;C:\Users\haglo\.m2\repository\com\vaadin\vaadin-context-menu-flow\1.2.2\vaadin-context-menu-flow-1.2.2.jar;C:\Users\haglo\.m2\repository\org\webjars\bowergithub\vaadin\vaadin-context-menu\4.2.1\vaadin-context-menu-4.2.1.jar;C:\Users\haglo\.m2\repository\org\springframework\boot\spring-boot-starter-test\2.1.1.RELEASE\spring-boot-starter-test-2.1.1.RELEASE.jar;C:\Users\haglo\.m2\repository\org\springframework\boot\spring-boot-test\2.1.1.RELEASE\spring-boot-test-2.1.1.RELEASE.jar;C:\Users\haglo\.m2\repository\org\springframework\boot\spring-boot-test-autoconfigure\2.1.1.RELEASE\spring-boot-test-autoconfigure-2.1.1.RELEASE.jar;C:\Users\haglo\.m2\repository\com\jayway\jsonpath\json-path\2.4.0\json-path-2.4.0.jar;C:\Users\haglo\.m2\repository\net\minidev\json-smart\2.3\json-smart-2.3.jar;C:\Users\haglo\.m2\repository\net\minidev\accessors-smart\1.2\accessors-smart-1.2.jar;C:\Users\haglo\.m2\repository\org\ow2\asm\asm\5.0.4\asm-5.0.4.jar;C:\Users\haglo\.m2\repository\junit\junit\4.12\junit-4.12.jar;C:\Users\haglo\.m2\repository\org\assertj\assertj-core\3.11.1\assertj-core-3.11.1.jar;C:\Users\haglo\.m2\repository\org\mockito\mockito-core\2.23.4\mockito-core-2.23.4.jar;C:\Users\haglo\.m2\repository\net\bytebuddy\byte-buddy-agent\1.9.5\byte-buddy-agent-1.9.5.jar;C:\Users\haglo\.m2\repository\org\objenesis\objenesis\2.6\objenesis-2.6.jar;C:\Users\haglo\.m2\repository\org\hamcrest\hamcrest-core\1.3\hamcrest-core-1.3.jar;C:\Users\haglo\.m2\repository\org\hamcrest\hamcrest-library\1.3\hamcrest-library-1.3.jar;C:\Users\haglo\.m2\repository\org\skyscreamer\jsonassert\1.5.0\jsonassert-1.5.0.jar;C:\Users\haglo\.m2\repository\com\vaadin\external\google\android-json\0.0.20131108.vaadin1\android-json-0.0.20131108.vaadin1.jar;C:\Users\haglo\.m2\repository\org\springframework\spring-core\5.1.3.RELEASE\spring-core-5.1.3.RELEASE.jar;C:\Users\haglo\.m2\repository\org\springframework\spring-jcl\5.1.3.RELEASE\spring-jcl-5.1.3.RELEASE.jar;C:\Users\haglo\.m2\repository\org\springframework\spring-test\5.1.3.RELEASE\spring-test-5.1.3.RELEASE.jar;C:\Users\haglo\.m2\repository\org\xmlunit\xmlunit-core\2.6.2\xmlunit-core-2.6.2.jar;C:\Users\haglo\.m2\repository\org\hibernate\hibernate-envers\5.3.7.Final\hibernate-envers-5.3.7.Final.jar;C:\Users\haglo\.m2\repository\org\jboss\logging\jboss-logging\3.3.2.Final\jboss-logging-3.3.2.Final.jar;C:\Users\haglo\.m2\repository\com\google\guava\guava\27.0-jre\guava-27.0-jre.jar;C:\Users\haglo\.m2\repository\com\google\guava\failureaccess\1.0\failureaccess-1.0.jar;C:\Users\haglo\.m2\repository\com\google\guava\listenablefuture\9999.0-empty-to-avoid-conflict-with-guava\listenablefuture-9999.0-empty-to-avoid-conflict-with-guava.jar;C:\Users\haglo\.m2\repository\com\google\code\findbugs\jsr305\3.0.2\jsr305-3.0.2.jar;C:\Users\haglo\.m2\repository\org\checkerframework\checker-qual\2.5.2\checker-qual-2.5.2.jar;C:\Users\haglo\.m2\repository\com\google\errorprone\error_prone_annotations\2.2.0\error_prone_annotations-2.2.0.jar;C:\Users\haglo\.m2\repository\com\google\j2objc\j2objc-annotations\1.1\j2objc-annotations-1.1.jar;C:\Users\haglo\.m2\repository\org\codehaus\mojo\animal-sniffer-annotations\1.17\animal-sniffer-annotations-1.17.jar;C:\Users\haglo\.m2\repository\mysql\mysql-connector-java\8.0.13\mysql-connector-java-8.0.13.jar;"/>
    <property name="sun.cpu.endian" value="little"/>
    <property name="user.home" value="C:\Users\haglo"/>
    <property name="user.language" value="de"/>
    <property name="java.specification.vendor" value="Oracle Corporation"/>
    <property name="java.version.date" value="2018-10-16"/>
    <property name="java.home" value="C:\Program Files\Java\jdk-11.0.1"/>
    <property name="file.separator" value="\"/>
    <property name="basedir" value="C:\dev\workspace\sts02\suite"/>
    <property name="java.vm.compressedOopsMode" value="Zero based"/>
    <property name="line.separator" value="&#10;"/>
    <property name="java.specification.name" value="Java Platform API Specification"/>
    <property name="java.vm.specification.vendor" value="Oracle Corporation"/>
    <property name="java.awt.graphicsenv" value="sun.awt.Win32GraphicsEnvironment"/>
    <property name="surefire.real.class.path" value="C:\Users\haglo\AppData\Local\Temp\surefire9134529985799164529\surefirebooter15791310284808884779.jar"/>
    <property name="user.script" value=""/>
    <property name="sun.management.compiler" value="HotSpot 64-Bit Tiered Compilers"/>
    <property name="java.runtime.version" value="11.0.1+13-LTS"/>
    <property name="user.name" value="haglo"/>
    <property name="path.separator" value=";"/>
    <property name="os.version" value="10.0"/>
    <property name="java.runtime.name" value="Java(TM) SE Runtime Environment"/>
    <property name="file.encoding" value="UTF8"/>
    <property name="java.vm.name" value="Java HotSpot(TM) 64-Bit Server VM"/>
    <property name="java.vendor.version" value="18.9"/>
    <property name="localRepository" value="C:\Users\haglo\.m2\repository"/>
    <property name="java.vendor.url.bug" value="http://bugreport.java.com/bugreport/"/>
    <property name="java.io.tmpdir" value="C:\Users\haglo\AppData\Local\Temp\"/>
    <property name="java.version" value="11.0.1"/>
    <property name="user.dir" value="C:\dev\workspace\sts02\suite"/>
    <property name="os.arch" value="amd64"/>
    <property name="java.vm.specification.name" value="Java Virtual Machine Specification"/>
    <property name="java.awt.printerjob" value="sun.awt.windows.WPrinterJob"/>
    <property name="sun.os.patch.level" value=""/>
    <property name="java.library.path" value="C:\Program Files\Java\jdk-11.0.1\bin;C:\WINDOWS\Sun\Java\bin;C:\WINDOWS\system32;C:\WINDOWS;C:\Program Files\Python37\Scripts\;C:\Program Files\Python37\;C:\ProgramData\Oracle\Java\javapath;C:\WINDOWS\system32;C:\WINDOWS;C:\WINDOWS\System32\Wbem;C:\WINDOWS\System32\WindowsPowerShell\v1.0\;C:\dev\opendj-3.0\lib;C:\Program Files\MATLAB\R2016b\runtime\win64;C:\Program Files\MATLAB\R2016b\bin;C:\Program Files\MATLAB\R2016b\polyspace\bin;C:\Program Files\Oracle\VirtualBox;C:\Program Files (x86)\Skype\Phone\;C:\Program Files (x86)\Common Files\Acronis\SnapAPI\;C:\Program Files\Git\cmd;C:\Program Files (x86)\Universal Extractor;C:\Program Files (x86)\Universal Extractor\bin;C:\dev\wildfly\wildfly\bin;C:\WINDOWS\System32\OpenSSH\;C:\PostgreSQL\pg10\bin;C:\Program Files\Windows Imaging\;C:\dev\tomcat\tomcat\bin;C:\Program Files\Java\jdk-11.0.1\bin;C:\Users\haglo\AppData\Local\Microsoft\WindowsApps;C:\Program Files (x86)\ZFS Administration;C:\dev\maven\maven-3.5.3\bin;C:\Users\haglo\AppData\Local\Microsoft\WindowsApps;C:\WINDOWS;;."/>
    <property name="java.vendor" value="Oracle Corporation"/>
    <property name="java.vm.info" value="mixed mode"/>
    <property name="java.vm.version" value="11.0.1+13-LTS"/>
    <property name="sun.io.unicode.encoding" value="UnicodeLittle"/>
    <property name="java.class.version" value="55.0"/>
  </properties>
  <testcase name="contextLoads" classname="org.suite.SuiteApplicationTests" time="0.078"/>
</testsuite>